<?xml version="1.0" encoding="UTF-8"?>
<!-- Generated by org.testng.reporters.JUnitReportReporter -->
<testsuite hostname="DESKTOP-I9MB6O0" failures="0" tests="1" name="screenshot.takescreenshot" time="18.250" errors="0" timestamp="5 Dec 2022 09:39:15 GMT">
  <testcase classname="screenshot.takescreenshot" name="screenshot" time="18.250"/>
</testsuite> <!-- screenshot.takescreenshot -->
