<?xml version="1.0" encoding="UTF-8"?>
<!-- Generated by org.testng.reporters.JUnitReportReporter -->
<testsuite hostname="DESKTOP-I9MB6O0" failures="0" tests="1" name="login_amazon.registeration" time="15.816" errors="0" timestamp="4 Dec 2022 19:05:39 GMT">
  <testcase classname="login_amazon.registeration" name="reg" time="15.816"/>
</testsuite> <!-- login_amazon.registeration -->
