<?xml version="1.0" encoding="UTF-8"?>
<!-- Generated by org.testng.reporters.JUnitReportReporter -->
<testsuite hostname="DESKTOP-NUI6UBP" failures="0" tests="1" name="login_amazon.login" time="0.025" errors="0" timestamp="1 Dec 2022 10:32:40 GMT">
  <testcase classname="login_amazon.login" name="f" time="0.025"/>
</testsuite> <!-- login_amazon.login -->
